c:\users\asus\documents\visual studio 2022\projects\2d array\2d array\x64\debug\vc143.pdb
c:\users\asus\documents\visual studio 2022\projects\2d array\2d array\x64\debug\vc143.idb
c:\users\asus\documents\visual studio 2022\projects\2d array\2d array\x64\debug\matrixadd.obj
c:\users\asus\documents\visual studio 2022\projects\2d array\2d array\x64\debug\matrixsub.obj
c:\users\asus\documents\visual studio 2022\projects\2d array\2d array\x64\debug\uppertraingular.obj
c:\users\asus\documents\visual studio 2022\projects\2d array\2d array\x64\debug\lowertraingular.obj
c:\users\asus\documents\visual studio 2022\projects\2d array\2d array\x64\debug\identitymatrix.obj
c:\users\asus\documents\visual studio 2022\projects\2d array\2d array\x64\debug\matrixmul.obj
c:\users\asus\documents\visual studio 2022\projects\2d array\2d array\x64\debug\symmetric.obj
c:\users\asus\documents\visual studio 2022\projects\2d array\2d array\x64\debug\tramsposematrix.obj
c:\users\asus\documents\visual studio 2022\projects\2d array\2d array\x64\debug\searchelement.obj
c:\users\asus\documents\visual studio 2022\projects\2d array\2d array\x64\debug\sumofall.obj
c:\users\asus\documents\visual studio 2022\projects\2d array\2d array\x64\debug\largestinarray.obj
c:\users\asus\documents\visual studio 2022\projects\2d array\2d array\x64\debug\sumofrowsandcols.obj
c:\users\asus\documents\visual studio 2022\projects\2d array\2d array\x64\debug\randcsum.obj
c:\users\asus\documents\visual studio 2022\projects\2d array\2d array\x64\debug\randcinput.obj
c:\users\asus\documents\visual studio 2022\projects\2d array\2d array\x64\debug\symmetricmatrix.obj
c:\users\asus\documents\visual studio 2022\projects\2d array\2d array\x64\debug\2d array.ilk
c:\users\asus\documents\visual studio 2022\projects\2d array\x64\debug\2d array.pdb
c:\users\asus\documents\visual studio 2022\projects\2d array\x64\debug\2d array.exe
c:\users\asus\documents\visual studio 2022\projects\2d array\2d array\x64\debug\2d array.tlog\cl.command.1.tlog
c:\users\asus\documents\visual studio 2022\projects\2d array\2d array\x64\debug\2d array.tlog\cl.read.1.tlog
c:\users\asus\documents\visual studio 2022\projects\2d array\2d array\x64\debug\2d array.tlog\cl.write.1.tlog
c:\users\asus\documents\visual studio 2022\projects\2d array\2d array\x64\debug\2d array.tlog\link.command.1.tlog
c:\users\asus\documents\visual studio 2022\projects\2d array\2d array\x64\debug\2d array.tlog\link.read.1.tlog
c:\users\asus\documents\visual studio 2022\projects\2d array\2d array\x64\debug\2d array.tlog\link.write.1.tlog
