C:\USERS\ASUS\DOCUMENTS\VISUAL STUDIO 2012\PROJECTS\ARRAY4\ARRAY4\DEBUG\ARRAY6.OBJ
C:\USERS\ASUS\DOCUMENTS\VISUAL STUDIO 2012\PROJECTS\ARRAY4\ARRAY4\DEBUG\VC110.PDB
C:\USERS\ASUS\DOCUMENTS\VISUAL STUDIO 2012\PROJECTS\ARRAY4\DEBUG\ARRAY4.ILK
C:\USERS\ASUS\DOCUMENTS\VISUAL STUDIO 2012\PROJECTS\ARRAY4\DEBUG\ARRAY4.EXE
C:\USERS\ASUS\DOCUMENTS\VISUAL STUDIO 2012\PROJECTS\ARRAY4\DEBUG\ARRAY4.PDB
c:\Users\Asus\documents\visual studio 2012\Projects\Array4\Array4\Debug\array6.obj
c:\Users\Asus\documents\visual studio 2012\Projects\Array4\Array4\Debug\cl.command.1.tlog
c:\Users\Asus\documents\visual studio 2012\Projects\Array4\Array4\Debug\CL.read.1.tlog
c:\Users\Asus\documents\visual studio 2012\Projects\Array4\Array4\Debug\CL.write.1.tlog
c:\Users\Asus\documents\visual studio 2012\Projects\Array4\Array4\Debug\link-cvtres.read.1.tlog
c:\Users\Asus\documents\visual studio 2012\Projects\Array4\Array4\Debug\link-cvtres.write.1.tlog
c:\Users\Asus\documents\visual studio 2012\Projects\Array4\Array4\Debug\link-rc.read.1.tlog
c:\Users\Asus\documents\visual studio 2012\Projects\Array4\Array4\Debug\link-rc.write.1.tlog
c:\Users\Asus\documents\visual studio 2012\Projects\Array4\Array4\Debug\link.command.1.tlog
c:\Users\Asus\documents\visual studio 2012\Projects\Array4\Array4\Debug\link.read.1.tlog
c:\Users\Asus\documents\visual studio 2012\Projects\Array4\Array4\Debug\link.write.1.tlog
c:\Users\Asus\documents\visual studio 2012\Projects\Array4\Array4\Debug\vc110.idb
c:\Users\Asus\documents\visual studio 2012\Projects\Array4\Array4\Debug\vc110.pdb
c:\users\asus\documents\visual studio 2012\Projects\Array4\Debug\Array4.pdb
c:\users\asus\documents\visual studio 2012\Projects\Array4\Debug\Array4.exe
c:\users\asus\documents\visual studio 2012\Projects\Array4\Debug\Array4.ilk
